<?xml version="1.0" encoding="UTF-8"?>
<!-- Generated by org.testng.reporters.JUnitReportReporter -->
<testsuite hostname="DESKTOP-8R9N6QD" failures="0" tests="1" name="Bai8.B1Test" time="3.488" errors="0" timestamp="2025-10-30T17:43:04 ICT" skipped="0">
  <testcase classname="Bai8.B1Test" name="testLocateElements" time="3.488"/>
</testsuite> <!-- Bai8.B1Test -->
