<?xml version="1.0" encoding="UTF-8"?>
<!-- Generated by org.testng.reporters.JUnitReportReporter -->
<testsuite hostname="DESKTOP-8R9N6QD" failures="0" tests="1" name="Bai8.BTVN" time="6.767" errors="0" timestamp="2025-10-31T14:32:35 ICT" skipped="0">
  <testcase classname="Bai8.BTVN" name="testLovateElements" time="6.767"/>
</testsuite> <!-- Bai8.BTVN -->
