<?xml version="1.0" encoding="UTF-8"?>
<!-- Generated by org.testng.reporters.JUnitReportReporter -->
<testsuite hostname="DESKTOP-8R9N6QD" failures="0" tests="1" name="Bai8.BTVN2" time="14.403" errors="0" timestamp="2025-10-31T14:48:15 ICT" skipped="0">
  <testcase classname="Bai8.BTVN2" name="testLovateElements" time="14.403"/>
</testsuite> <!-- Bai8.BTVN2 -->
